<?xml version="1.0" encoding="UTF-8"?>
<testng-results skipped="0" failed="0" ignored="0" total="1" passed="1">
  <reporter-output>
  </reporter-output>
  <suite name="Default suite" duration-ms="2516" started-at="2017-08-07T10:20:15Z" finished-at="2017-08-07T10:20:18Z">
    <groups>
    </groups>
    <test name="Default test" duration-ms="2516" started-at="2017-08-07T10:20:15Z" finished-at="2017-08-07T10:20:18Z">
      <class name="APITesting.com.org.api.JsonServerTest">
        <test-method status="PASS" signature="Test_03()[pri:0, instance:APITesting.com.org.api.JsonServerTest@6767c1fc]" name="Test_03" duration-ms="2493" started-at="2017-08-07T15:50:15Z" finished-at="2017-08-07T15:50:18Z">
          <reporter-output>
          </reporter-output>
        </test-method> <!-- Test_03 -->
      </class> <!-- APITesting.com.org.api.JsonServerTest -->
    </test> <!-- Default test -->
  </suite> <!-- Default suite -->
</testng-results>
